Arguments: 
  C:\Program Files\nodejs\node.exe C:\Users\jks03\AppData\Roaming\npm\node_modules\yarn\bin\yarn.js add react react-dom

PATH: 
  C:\Program Files (x86)\Common Files\Oracle\Java\javapath;C:\WINDOWS\system32;C:\WINDOWS;C:\WINDOWS\System32\Wbem;C:\WINDOWS\System32\WindowsPowerShell\v1.0\;C:\Program Files\nodejs\;C:\Program Files\PuTTY\;C:\WINDOWS\System32\OpenSSH\;C:\Program Files\Git\cmd;C:\Users\jks03\AppData\Local\Programs\Python\Python310\Scripts\;C:\Users\jks03\AppData\Local\Programs\Python\Python310\;C:\Users\jks03\AppData\Local\Microsoft\WindowsApps;C:\Users\jks03\AppData\Roaming\npm;C:\Users\jks03\AppData\Local\Programs\Microsoft VS Code\bin;D:\xampp7\php;C:\Program Files (x86)\Java\jre1.8.0_351\bin;C:\Users\jks03\AppData\Local\GitHubDesktop\bin

Yarn version: 
  1.22.19

Node version: 
  18.12.1

Platform: 
  win32 x64

Trace: 
  Error: https://registry.yarnpkg.com/react: tunneling socket could not be established, cause=getaddrinfo ENOTFOUND 3213
      at ClientRequest.onError (C:\Users\jks03\AppData\Roaming\npm\node_modules\yarn\lib\cli.js:152376:17)
      at Object.onceWrapper (node:events:628:26)
      at ClientRequest.emit (node:events:513:28)
      at Socket.socketErrorListener (node:_http_client:494:9)
      at Socket.emit (node:events:513:28)
      at emitErrorNT (node:internal/streams/destroy:151:8)
      at emitErrorCloseNT (node:internal/streams/destroy:116:3)
      at process.processTicksAndRejections (node:internal/process/task_queues:82:21)

npm manifest: 
  {
    "name": "webpack",
    "version": "1.0.0",
    "description": "My GitHub Contributions Calendar\r ================================\r This repository was generated",
    "main": "index.js",
    "scripts": {
      "test": "echo \"Error: no test specified\" && exit 1"
    },
    "repository": {
      "type": "git",
      "url": "git+https://github.com/lyun26/Webpack.git"
    },
    "keywords": [],
    "author": "",
    "license": "ISC",
    "bugs": {
      "url": "https://github.com/lyun26/Webpack/issues"
    },
    "homepage": "https://github.com/lyun26/Webpack#readme"
  }

yarn manifest: 
  No manifest

Lockfile: 
  No lockfile
